  AudioManager.cpp
  Camera.cpp
  main.cpp
  Model3D.cpp
  Shader.cpp
C:\Users\butas\OneDrive\Documents\AN3\GP\Project_Final\Project_Final\Model3D.hpp(5,10): error C1083: Cannot open include file: 'Mesh.hpp': No such file or directory
  (compiling source file 'main.cpp')
  
C:\Users\butas\OneDrive\Documents\AN3\GP\Project_Final\Project_Final\Model3D.hpp(5,10): error C1083: Cannot open include file: 'Mesh.hpp': No such file or directory
  (compiling source file 'Model3D.cpp')
  
  Skybox.cpp
  stb_image.cpp
  tiny_obj_loader.cpp
  WaterFrameBuffers.cpp
C:\Users\butas\OneDrive\Documents\AN3\GP\Project_Final\Project_Final\WaterFrameBuffers.hpp(5,10): error C1083: Cannot open include file: 'GL/glew.h': No such file or directory
  (compiling source file 'WaterFrameBuffers.cpp')
  
  WaterRenderer.cpp
C:\Users\butas\OneDrive\Documents\AN3\GP\Project_Final\Project_Final\WaterRenderer.cpp(126,29): warning C4244: '+=': conversion from 'double' to 'float', possible loss of data
  WaterTile.cpp
  Window.cpp
  Generating Code...
